{"/app/src/common/middlewares/errorHandler.js": {"path":"/app/src/common/middlewares/errorHandler.js","statementMap":{"0":{"start":{"line":1,"column":19},"end":{"line":1,"column":38}},"1":{"start":{"line":3,"column":21},"end":{"line":11,"column":1}},"2":{"start":{"line":4,"column":2},"end":{"line":4,"column":54}},"3":{"start":{"line":5,"column":17},"end":{"line":5,"column":34}},"4":{"start":{"line":6,"column":2},"end":{"line":10,"column":5}},"5":{"start":{"line":13,"column":17},"end":{"line":17,"column":1}},"6":{"start":{"line":14,"column":14},"end":{"line":14,"column":65}},"7":{"start":{"line":15,"column":2},"end":{"line":15,"column":19}},"8":{"start":{"line":16,"column":2},"end":{"line":16,"column":12}},"9":{"start":{"line":19,"column":0},"end":{"line":19,"column":44}}},"fnMap":{"0":{"name":"(anonymous_0)","decl":{"start":{"line":3,"column":21},"end":{"line":3,"column":22}},"loc":{"start":{"line":3,"column":46},"end":{"line":11,"column":1}},"line":3},"1":{"name":"(anonymous_1)","decl":{"start":{"line":13,"column":17},"end":{"line":13,"column":18}},"loc":{"start":{"line":13,"column":37},"end":{"line":17,"column":1}},"line":13}},"branchMap":{"0":{"loc":{"start":{"line":5,"column":17},"end":{"line":5,"column":34}},"type":"binary-expr","locations":[{"start":{"line":5,"column":17},"end":{"line":5,"column":27}},{"start":{"line":5,"column":31},"end":{"line":5,"column":34}}],"line":5},"1":{"loc":{"start":{"line":8,"column":13},"end":{"line":8,"column":56}},"type":"binary-expr","locations":[{"start":{"line":8,"column":13},"end":{"line":8,"column":24}},{"start":{"line":8,"column":28},"end":{"line":8,"column":56}}],"line":8},"2":{"loc":{"start":{"line":9,"column":8},"end":{"line":9,"column":70}},"type":"binary-expr","locations":[{"start":{"line":9,"column":8},"end":{"line":9,"column":46}},{"start":{"line":9,"column":50},"end":{"line":9,"column":70}}],"line":9}},"s":{"0":1,"1":1,"2":2,"3":2,"4":2,"5":1,"6":0,"7":0,"8":0,"9":1},"f":{"0":2,"1":0},"b":{"0":[2,1],"1":[2,0],"2":[2,2]},"_coverageSchema":"1a1c01bbd47fc00a2c39e90264f33305004495a9","hash":"9010cd99d1d5bc994e73c2e1c5eefc34a290de04"}
,"/app/src/common/middlewares/logger.js": {"path":"/app/src/common/middlewares/logger.js","statementMap":{"0":{"start":{"line":1,"column":16},"end":{"line":1,"column":34}},"1":{"start":{"line":3,"column":15},"end":{"line":16,"column":2}},"2":{"start":{"line":8,"column":6},"end":{"line":8,"column":65}},"3":{"start":{"line":18,"column":22},"end":{"line":24,"column":1}},"4":{"start":{"line":19,"column":2},"end":{"line":19,"column":50}},"5":{"start":{"line":20,"column":2},"end":{"line":20,"column":85}},"6":{"start":{"line":22,"column":2},"end":{"line":22,"column":61}},"7":{"start":{"line":23,"column":2},"end":{"line":23,"column":9}},"8":{"start":{"line":26,"column":0},"end":{"line":26,"column":43}}},"fnMap":{"0":{"name":"(anonymous_0)","decl":{"start":{"line":7,"column":26},"end":{"line":7,"column":27}},"loc":{"start":{"line":7,"column":61},"end":{"line":9,"column":5}},"line":7},"1":{"name":"(anonymous_1)","decl":{"start":{"line":18,"column":22},"end":{"line":18,"column":23}},"loc":{"start":{"line":18,"column":42},"end":{"line":24,"column":1}},"line":18}},"branchMap":{"0":{"loc":{"start":{"line":20,"column":32},"end":{"line":20,"column":81}},"type":"cond-expr","locations":[{"start":{"line":20,"column":60},"end":{"line":20,"column":69}},{"start":{"line":20,"column":72},"end":{"line":20,"column":81}}],"line":20}},"s":{"0":1,"1":1,"2":2,"3":1,"4":0,"5":0,"6":0,"7":0,"8":1},"f":{"0":2,"1":0},"b":{"0":[0,0]},"_coverageSchema":"1a1c01bbd47fc00a2c39e90264f33305004495a9","hash":"0b919628739fdef816fb8cf195c3ecc0237e930a"}
,"/app/src/common/middlewares/roleGuard.js": {"path":"/app/src/common/middlewares/roleGuard.js","statementMap":{"0":{"start":{"line":1,"column":18},"end":{"line":11,"column":1}},"1":{"start":{"line":2,"column":2},"end":{"line":10,"column":4}},"2":{"start":{"line":3,"column":4},"end":{"line":5,"column":5}},"3":{"start":{"line":4,"column":6},"end":{"line":4,"column":81}},"4":{"start":{"line":6,"column":4},"end":{"line":8,"column":5}},"5":{"start":{"line":7,"column":6},"end":{"line":7,"column":85}},"6":{"start":{"line":9,"column":4},"end":{"line":9,"column":11}},"7":{"start":{"line":13,"column":0},"end":{"line":13,"column":27}}},"fnMap":{"0":{"name":"(anonymous_0)","decl":{"start":{"line":1,"column":18},"end":{"line":1,"column":19}},"loc":{"start":{"line":1,"column":32},"end":{"line":11,"column":1}},"line":1},"1":{"name":"(anonymous_1)","decl":{"start":{"line":2,"column":9},"end":{"line":2,"column":10}},"loc":{"start":{"line":2,"column":29},"end":{"line":10,"column":3}},"line":2}},"branchMap":{"0":{"loc":{"start":{"line":3,"column":4},"end":{"line":5,"column":5}},"type":"if","locations":[{"start":{"line":3,"column":4},"end":{"line":5,"column":5}},{"start":{},"end":{}}],"line":3},"1":{"loc":{"start":{"line":6,"column":4},"end":{"line":8,"column":5}},"type":"if","locations":[{"start":{"line":6,"column":4},"end":{"line":8,"column":5}},{"start":{},"end":{}}],"line":6}},"s":{"0":1,"1":3,"2":3,"3":1,"4":2,"5":1,"6":1,"7":1},"f":{"0":3,"1":3},"b":{"0":[1,2],"1":[1,1]},"_coverageSchema":"1a1c01bbd47fc00a2c39e90264f33305004495a9","hash":"8d1fe142ba9acdf481ae3ac9957b9086ab6f6fdc"}
,"/app/src/common/middlewares/syncUser.js": {"path":"/app/src/common/middlewares/syncUser.js","statementMap":{"0":{"start":{"line":1,"column":23},"end":{"line":1,"column":69}},"1":{"start":{"line":4,"column":17},"end":{"line":34,"column":1}},"2":{"start":{"line":5,"column":2},"end":{"line":33,"column":3}},"3":{"start":{"line":6,"column":20},"end":{"line":6,"column":40}},"4":{"start":{"line":9,"column":18},"end":{"line":11,"column":25}},"5":{"start":{"line":13,"column":17},"end":{"line":16,"column":29}},"6":{"start":{"line":18,"column":4},"end":{"line":18,"column":81}},"7":{"start":{"line":20,"column":15},"end":{"line":20,"column":58}},"8":{"start":{"line":22,"column":4},"end":{"line":27,"column":5}},"9":{"start":{"line":23,"column":6},"end":{"line":23,"column":71}},"10":{"start":{"line":24,"column":11},"end":{"line":27,"column":5}},"11":{"start":{"line":26,"column":6},"end":{"line":26,"column":41}},"12":{"start":{"line":29,"column":4},"end":{"line":29,"column":20}},"13":{"start":{"line":30,"column":4},"end":{"line":30,"column":11}},"14":{"start":{"line":32,"column":4},"end":{"line":32,"column":16}},"15":{"start":{"line":36,"column":0},"end":{"line":36,"column":26}}},"fnMap":{"0":{"name":"(anonymous_0)","decl":{"start":{"line":4,"column":17},"end":{"line":4,"column":18}},"loc":{"start":{"line":4,"column":43},"end":{"line":34,"column":1}},"line":4}},"branchMap":{"0":{"loc":{"start":{"line":9,"column":18},"end":{"line":11,"column":25}},"type":"binary-expr","locations":[{"start":{"line":9,"column":18},"end":{"line":9,"column":40}},{"start":{"line":10,"column":21},"end":{"line":10,"column":75}},{"start":{"line":11,"column":21},"end":{"line":11,"column":25}}],"line":9},"1":{"loc":{"start":{"line":13,"column":17},"end":{"line":16,"column":29}},"type":"binary-expr","locations":[{"start":{"line":13,"column":17},"end":{"line":13,"column":38}},{"start":{"line":14,"column":20},"end":{"line":14,"column":45}},{"start":{"line":15,"column":20},"end":{"line":15,"column":73}},{"start":{"line":16,"column":20},"end":{"line":16,"column":29}}],"line":13},"2":{"loc":{"start":{"line":22,"column":4},"end":{"line":27,"column":5}},"type":"if","locations":[{"start":{"line":22,"column":4},"end":{"line":27,"column":5}},{"start":{"line":24,"column":11},"end":{"line":27,"column":5}}],"line":22},"3":{"loc":{"start":{"line":24,"column":11},"end":{"line":27,"column":5}},"type":"if","locations":[{"start":{"line":24,"column":11},"end":{"line":27,"column":5}},{"start":{},"end":{}}],"line":24},"4":{"loc":{"start":{"line":24,"column":15},"end":{"line":24,"column":35}},"type":"binary-expr","locations":[{"start":{"line":24,"column":15},"end":{"line":24,"column":26}},{"start":{"line":24,"column":30},"end":{"line":24,"column":35}}],"line":24}},"s":{"0":1,"1":1,"2":3,"3":3,"4":3,"5":3,"6":3,"7":3,"8":2,"9":1,"10":1,"11":0,"12":2,"13":2,"14":1,"15":1},"f":{"0":3},"b":{"0":[3,1,1],"1":[3,1,1,1],"2":[1,1],"3":[0,1],"4":[1,0]},"_coverageSchema":"1a1c01bbd47fc00a2c39e90264f33305004495a9","hash":"0cbd66ecb5e09f6ba6b3d9faa14674e5d1d2b5ac"}
,"/app/src/common/utils/httpClient.js": {"path":"/app/src/common/utils/httpClient.js","statementMap":{"0":{"start":{"line":1,"column":14},"end":{"line":1,"column":30}},"1":{"start":{"line":3,"column":24},"end":{"line":6,"column":2}},"2":{"start":{"line":8,"column":0},"end":{"line":13,"column":2}},"3":{"start":{"line":9,"column":16},"end":{"line":9,"column":29}},"4":{"start":{"line":11,"column":4},"end":{"line":11,"column":86}},"5":{"start":{"line":15,"column":0},"end":{"line":15,"column":33}}},"fnMap":{"0":{"name":"(anonymous_0)","decl":{"start":{"line":9,"column":2},"end":{"line":9,"column":3}},"loc":{"start":{"line":9,"column":16},"end":{"line":9,"column":29}},"line":9},"1":{"name":"(anonymous_1)","decl":{"start":{"line":10,"column":2},"end":{"line":10,"column":3}},"loc":{"start":{"line":10,"column":13},"end":{"line":12,"column":3}},"line":10}},"branchMap":{"0":{"loc":{"start":{"line":11,"column":20},"end":{"line":11,"column":84}},"type":"binary-expr","locations":[{"start":{"line":11,"column":20},"end":{"line":11,"column":47}},{"start":{"line":11,"column":51},"end":{"line":11,"column":84}}],"line":11}},"s":{"0":1,"1":1,"2":1,"3":0,"4":0,"5":1},"f":{"0":0,"1":0},"b":{"0":[0,0]},"_coverageSchema":"1a1c01bbd47fc00a2c39e90264f33305004495a9","hash":"58e13474a190610e993721d5a0eed30212631fbc"}
,"/app/src/config/auth0.js": {"path":"/app/src/config/auth0.js","statementMap":{"0":{"start":{"line":1,"column":17},"end":{"line":1,"column":53}},"1":{"start":{"line":2,"column":0},"end":{"line":2,"column":27}},"2":{"start":{"line":4,"column":23},"end":{"line":8,"column":2}},"3":{"start":{"line":11,"column":30},"end":{"line":24,"column":1}},"4":{"start":{"line":12,"column":2},"end":{"line":12,"column":64}},"5":{"start":{"line":13,"column":2},"end":{"line":23,"column":5}},"6":{"start":{"line":14,"column":4},"end":{"line":21,"column":5}},"7":{"start":{"line":15,"column":6},"end":{"line":15,"column":66}},"8":{"start":{"line":16,"column":6},"end":{"line":20,"column":9}},"9":{"start":{"line":22,"column":4},"end":{"line":22,"column":11}},"10":{"start":{"line":26,"column":0},"end":{"line":26,"column":39}}},"fnMap":{"0":{"name":"(anonymous_0)","decl":{"start":{"line":11,"column":30},"end":{"line":11,"column":31}},"loc":{"start":{"line":11,"column":50},"end":{"line":24,"column":1}},"line":11},"1":{"name":"(anonymous_1)","decl":{"start":{"line":13,"column":27},"end":{"line":13,"column":28}},"loc":{"start":{"line":13,"column":36},"end":{"line":23,"column":3}},"line":13}},"branchMap":{"0":{"loc":{"start":{"line":14,"column":4},"end":{"line":21,"column":5}},"type":"if","locations":[{"start":{"line":14,"column":4},"end":{"line":21,"column":5}},{"start":{},"end":{}}],"line":14}},"s":{"0":0,"1":0,"2":0,"3":0,"4":0,"5":0,"6":0,"7":0,"8":0,"9":0,"10":0},"f":{"0":0,"1":0},"b":{"0":[0,0]}}
,"/app/src/config/db.js": {"path":"/app/src/config/db.js","statementMap":{"0":{"start":{"line":1,"column":22},"end":{"line":1,"column":42}},"1":{"start":{"line":2,"column":0},"end":{"line":2,"column":27}},"2":{"start":{"line":4,"column":18},"end":{"line":15,"column":1}},"3":{"start":{"line":17,"column":18},"end":{"line":27,"column":1}},"4":{"start":{"line":18,"column":2},"end":{"line":26,"column":3}},"5":{"start":{"line":19,"column":4},"end":{"line":19,"column":35}},"6":{"start":{"line":20,"column":4},"end":{"line":20,"column":42}},"7":{"start":{"line":21,"column":4},"end":{"line":21,"column":42}},"8":{"start":{"line":22,"column":4},"end":{"line":22,"column":43}},"9":{"start":{"line":24,"column":4},"end":{"line":24,"column":56}},"10":{"start":{"line":25,"column":4},"end":{"line":25,"column":20}},"11":{"start":{"line":29,"column":0},"end":{"line":29,"column":42}}},"fnMap":{"0":{"name":"(anonymous_0)","decl":{"start":{"line":17,"column":18},"end":{"line":17,"column":19}},"loc":{"start":{"line":17,"column":30},"end":{"line":27,"column":1}},"line":17}},"branchMap":{},"s":{"0":0,"1":0,"2":0,"3":0,"4":0,"5":0,"6":0,"7":0,"8":0,"9":0,"10":0,"11":0},"f":{"0":0},"b":{}}
,"/app/src/config/rabbitmq.js": {"path":"/app/src/config/rabbitmq.js","statementMap":{"0":{"start":{"line":1,"column":13},"end":{"line":1,"column":31}},"1":{"start":{"line":2,"column":0},"end":{"line":2,"column":27}},"2":{"start":{"line":4,"column":14},"end":{"line":4,"column":18}},"3":{"start":{"line":6,"column":24},"end":{"line":15,"column":1}},"4":{"start":{"line":7,"column":2},"end":{"line":14,"column":3}},"5":{"start":{"line":8,"column":23},"end":{"line":8,"column":67}},"6":{"start":{"line":9,"column":4},"end":{"line":9,"column":47}},"7":{"start":{"line":10,"column":4},"end":{"line":10,"column":66}},"8":{"start":{"line":11,"column":4},"end":{"line":11,"column":40}},"9":{"start":{"line":13,"column":4},"end":{"line":13,"column":54}},"10":{"start":{"line":17,"column":23},"end":{"line":20,"column":1}},"11":{"start":{"line":18,"column":2},"end":{"line":18,"column":23}},"12":{"start":{"line":18,"column":16},"end":{"line":18,"column":23}},"13":{"start":{"line":19,"column":2},"end":{"line":19,"column":89}},"14":{"start":{"line":22,"column":24},"end":{"line":30,"column":1}},"15":{"start":{"line":23,"column":2},"end":{"line":23,"column":23}},"16":{"start":{"line":23,"column":16},"end":{"line":23,"column":23}},"17":{"start":{"line":24,"column":2},"end":{"line":29,"column":5}},"18":{"start":{"line":25,"column":4},"end":{"line":28,"column":5}},"19":{"start":{"line":26,"column":6},"end":{"line":26,"column":51}},"20":{"start":{"line":27,"column":6},"end":{"line":27,"column":23}},"21":{"start":{"line":32,"column":0},"end":{"line":32,"column":70}}},"fnMap":{"0":{"name":"(anonymous_0)","decl":{"start":{"line":6,"column":24},"end":{"line":6,"column":25}},"loc":{"start":{"line":6,"column":36},"end":{"line":15,"column":1}},"line":6},"1":{"name":"(anonymous_1)","decl":{"start":{"line":17,"column":23},"end":{"line":17,"column":24}},"loc":{"start":{"line":17,"column":49},"end":{"line":20,"column":1}},"line":17},"2":{"name":"(anonymous_2)","decl":{"start":{"line":22,"column":24},"end":{"line":22,"column":25}},"loc":{"start":{"line":22,"column":51},"end":{"line":30,"column":1}},"line":22},"3":{"name":"(anonymous_3)","decl":{"start":{"line":24,"column":25},"end":{"line":24,"column":26}},"loc":{"start":{"line":24,"column":34},"end":{"line":29,"column":3}},"line":24}},"branchMap":{"0":{"loc":{"start":{"line":18,"column":2},"end":{"line":18,"column":23}},"type":"if","locations":[{"start":{"line":18,"column":2},"end":{"line":18,"column":23}},{"start":{},"end":{}}],"line":18},"1":{"loc":{"start":{"line":23,"column":2},"end":{"line":23,"column":23}},"type":"if","locations":[{"start":{"line":23,"column":2},"end":{"line":23,"column":23}},{"start":{},"end":{}}],"line":23},"2":{"loc":{"start":{"line":25,"column":4},"end":{"line":28,"column":5}},"type":"if","locations":[{"start":{"line":25,"column":4},"end":{"line":28,"column":5}},{"start":{},"end":{}}],"line":25}},"s":{"0":0,"1":0,"2":0,"3":0,"4":0,"5":0,"6":0,"7":0,"8":0,"9":0,"10":0,"11":0,"12":0,"13":0,"14":0,"15":0,"16":0,"17":0,"18":0,"19":0,"20":0,"21":0},"f":{"0":0,"1":0,"2":0,"3":0},"b":{"0":[0,0],"1":[0,0],"2":[0,0]}}
,"/app/src/config/redis.js": {"path":"/app/src/config/redis.js","statementMap":{"0":{"start":{"line":1,"column":14},"end":{"line":1,"column":30}},"1":{"start":{"line":2,"column":0},"end":{"line":2,"column":27}},"2":{"start":{"line":4,"column":15},"end":{"line":9,"column":2}},"3":{"start":{"line":11,"column":0},"end":{"line":11,"column":66}},"4":{"start":{"line":11,"column":28},"end":{"line":11,"column":64}},"5":{"start":{"line":12,"column":0},"end":{"line":12,"column":61}},"6":{"start":{"line":12,"column":27},"end":{"line":12,"column":59}},"7":{"start":{"line":14,"column":21},"end":{"line":14,"column":55}},"8":{"start":{"line":14,"column":33},"end":{"line":14,"column":55}},"9":{"start":{"line":16,"column":17},"end":{"line":19,"column":1}},"10":{"start":{"line":17,"column":15},"end":{"line":17,"column":36}},"11":{"start":{"line":18,"column":2},"end":{"line":18,"column":40}},"12":{"start":{"line":21,"column":17},"end":{"line":23,"column":1}},"13":{"start":{"line":22,"column":2},"end":{"line":22,"column":54}},"14":{"start":{"line":25,"column":20},"end":{"line":25,"column":56}},"15":{"start":{"line":25,"column":35},"end":{"line":25,"column":56}},"16":{"start":{"line":27,"column":0},"end":{"line":27,"column":67}}},"fnMap":{"0":{"name":"(anonymous_0)","decl":{"start":{"line":11,"column":19},"end":{"line":11,"column":20}},"loc":{"start":{"line":11,"column":28},"end":{"line":11,"column":64}},"line":11},"1":{"name":"(anonymous_1)","decl":{"start":{"line":12,"column":21},"end":{"line":12,"column":22}},"loc":{"start":{"line":12,"column":27},"end":{"line":12,"column":59}},"line":12},"2":{"name":"(anonymous_2)","decl":{"start":{"line":14,"column":21},"end":{"line":14,"column":22}},"loc":{"start":{"line":14,"column":33},"end":{"line":14,"column":55}},"line":14},"3":{"name":"(anonymous_3)","decl":{"start":{"line":16,"column":17},"end":{"line":16,"column":18}},"loc":{"start":{"line":16,"column":32},"end":{"line":19,"column":1}},"line":16},"4":{"name":"(anonymous_4)","decl":{"start":{"line":21,"column":17},"end":{"line":21,"column":18}},"loc":{"start":{"line":21,"column":51},"end":{"line":23,"column":1}},"line":21},"5":{"name":"(anonymous_5)","decl":{"start":{"line":25,"column":20},"end":{"line":25,"column":21}},"loc":{"start":{"line":25,"column":35},"end":{"line":25,"column":56}},"line":25}},"branchMap":{"0":{"loc":{"start":{"line":6,"column":10},"end":{"line":6,"column":47}},"type":"binary-expr","locations":[{"start":{"line":6,"column":10},"end":{"line":6,"column":32}},{"start":{"line":6,"column":36},"end":{"line":6,"column":47}}],"line":6},"1":{"loc":{"start":{"line":7,"column":10},"end":{"line":7,"column":40}},"type":"binary-expr","locations":[{"start":{"line":7,"column":10},"end":{"line":7,"column":32}},{"start":{"line":7,"column":36},"end":{"line":7,"column":40}}],"line":7},"2":{"loc":{"start":{"line":18,"column":9},"end":{"line":18,"column":39}},"type":"cond-expr","locations":[{"start":{"line":18,"column":16},"end":{"line":18,"column":32}},{"start":{"line":18,"column":35},"end":{"line":18,"column":39}}],"line":18},"3":{"loc":{"start":{"line":21,"column":36},"end":{"line":21,"column":46}},"type":"default-arg","locations":[{"start":{"line":21,"column":42},"end":{"line":21,"column":46}}],"line":21}},"s":{"0":0,"1":0,"2":0,"3":0,"4":0,"5":0,"6":0,"7":0,"8":0,"9":0,"10":0,"11":0,"12":0,"13":0,"14":0,"15":0,"16":0},"f":{"0":0,"1":0,"2":0,"3":0,"4":0,"5":0},"b":{"0":[0,0],"1":[0,0],"2":[0,0],"3":[0]}}
,"/app/src/config/swagger.js": {"path":"/app/src/config/swagger.js","statementMap":{"0":{"start":{"line":1,"column":21},"end":{"line":1,"column":45}},"1":{"start":{"line":3,"column":16},"end":{"line":76,"column":1}},"2":{"start":{"line":78,"column":20},"end":{"line":78,"column":41}},"3":{"start":{"line":80,"column":0},"end":{"line":80,"column":29}}},"fnMap":{},"branchMap":{},"s":{"0":0,"1":0,"2":0,"3":0},"f":{},"b":{}}
,"/app/src/modules/characters/character.controller.js": {"path":"/app/src/modules/characters/character.controller.js","statementMap":{"0":{"start":{"line":1,"column":25},"end":{"line":1,"column":55}},"1":{"start":{"line":3,"column":22},"end":{"line":9,"column":1}},"2":{"start":{"line":4,"column":2},"end":{"line":8,"column":34}},"3":{"start":{"line":5,"column":44},"end":{"line":5,"column":53}},"4":{"start":{"line":6,"column":17},"end":{"line":6,"column":86}},"5":{"start":{"line":7,"column":4},"end":{"line":7,"column":38}},"6":{"start":{"line":8,"column":20},"end":{"line":8,"column":32}},"7":{"start":{"line":11,"column":25},"end":{"line":16,"column":1}},"8":{"start":{"line":12,"column":2},"end":{"line":15,"column":34}},"9":{"start":{"line":13,"column":17},"end":{"line":13,"column":71}},"10":{"start":{"line":14,"column":4},"end":{"line":14,"column":38}},"11":{"start":{"line":15,"column":20},"end":{"line":15,"column":32}},"12":{"start":{"line":18,"column":26},"end":{"line":23,"column":1}},"13":{"start":{"line":19,"column":2},"end":{"line":22,"column":34}},"14":{"start":{"line":20,"column":17},"end":{"line":20,"column":59}},"15":{"start":{"line":21,"column":4},"end":{"line":21,"column":38}},"16":{"start":{"line":22,"column":20},"end":{"line":22,"column":32}},"17":{"start":{"line":25,"column":27},"end":{"line":30,"column":1}},"18":{"start":{"line":26,"column":2},"end":{"line":29,"column":34}},"19":{"start":{"line":27,"column":17},"end":{"line":27,"column":74}},"20":{"start":{"line":28,"column":4},"end":{"line":28,"column":38}},"21":{"start":{"line":29,"column":20},"end":{"line":29,"column":32}},"22":{"start":{"line":32,"column":0},"end":{"line":32,"column":92}}},"fnMap":{"0":{"name":"(anonymous_0)","decl":{"start":{"line":3,"column":22},"end":{"line":3,"column":23}},"loc":{"start":{"line":3,"column":48},"end":{"line":9,"column":1}},"line":3},"1":{"name":"(anonymous_1)","decl":{"start":{"line":11,"column":25},"end":{"line":11,"column":26}},"loc":{"start":{"line":11,"column":51},"end":{"line":16,"column":1}},"line":11},"2":{"name":"(anonymous_2)","decl":{"start":{"line":18,"column":26},"end":{"line":18,"column":27}},"loc":{"start":{"line":18,"column":52},"end":{"line":23,"column":1}},"line":18},"3":{"name":"(anonymous_3)","decl":{"start":{"line":25,"column":27},"end":{"line":25,"column":28}},"loc":{"start":{"line":25,"column":53},"end":{"line":30,"column":1}},"line":25}},"branchMap":{},"s":{"0":0,"1":0,"2":0,"3":0,"4":0,"5":0,"6":0,"7":0,"8":0,"9":0,"10":0,"11":0,"12":0,"13":0,"14":0,"15":0,"16":0,"17":0,"18":0,"19":0,"20":0,"21":0,"22":0},"f":{"0":0,"1":0,"2":0,"3":0},"b":{}}
,"/app/src/modules/characters/character.routes.js": {"path":"/app/src/modules/characters/character.routes.js","statementMap":{"0":{"start":{"line":1,"column":15},"end":{"line":1,"column":42}},"1":{"start":{"line":2,"column":23},"end":{"line":2,"column":52}},"2":{"start":{"line":3,"column":17},"end":{"line":3,"column":61}},"3":{"start":{"line":4,"column":83},"end":{"line":4,"column":116}},"4":{"start":{"line":6,"column":0},"end":{"line":6,"column":27}},"5":{"start":{"line":7,"column":0},"end":{"line":7,"column":21}},"6":{"start":{"line":45,"column":0},"end":{"line":45,"column":31}},"7":{"start":{"line":59,"column":0},"end":{"line":59,"column":40}},"8":{"start":{"line":80,"column":0},"end":{"line":80,"column":49}},"9":{"start":{"line":102,"column":0},"end":{"line":102,"column":37}},"10":{"start":{"line":104,"column":0},"end":{"line":104,"column":24}}},"fnMap":{},"branchMap":{},"s":{"0":0,"1":0,"2":0,"3":0,"4":0,"5":0,"6":0,"7":0,"8":0,"9":0,"10":0},"f":{},"b":{}}
,"/app/src/modules/characters/character.service.js": {"path":"/app/src/modules/characters/character.service.js","statementMap":{"0":{"start":{"line":1,"column":24},"end":{"line":1,"column":64}},"1":{"start":{"line":2,"column":31},"end":{"line":2,"column":60}},"2":{"start":{"line":4,"column":22},"end":{"line":16,"column":1}},"3":{"start":{"line":5,"column":36},"end":{"line":5,"column":43}},"4":{"start":{"line":6,"column":19},"end":{"line":6,"column":80}},"5":{"start":{"line":8,"column":17},"end":{"line":8,"column":41}},"6":{"start":{"line":9,"column":2},"end":{"line":9,"column":52}},"7":{"start":{"line":9,"column":14},"end":{"line":9,"column":52}},"8":{"start":{"line":11,"column":17},"end":{"line":11,"column":104}},"9":{"start":{"line":12,"column":15},"end":{"line":12,"column":66}},"10":{"start":{"line":14,"column":2},"end":{"line":14,"column":39}},"11":{"start":{"line":15,"column":2},"end":{"line":15,"column":14}},"12":{"start":{"line":18,"column":25},"end":{"line":26,"column":1}},"13":{"start":{"line":19,"column":19},"end":{"line":19,"column":36}},"14":{"start":{"line":20,"column":17},"end":{"line":20,"column":41}},"15":{"start":{"line":21,"column":2},"end":{"line":21,"column":52}},"16":{"start":{"line":21,"column":14},"end":{"line":21,"column":52}},"17":{"start":{"line":23,"column":15},"end":{"line":23,"column":60}},"18":{"start":{"line":24,"column":2},"end":{"line":24,"column":39}},"19":{"start":{"line":25,"column":2},"end":{"line":25,"column":14}},"20":{"start":{"line":28,"column":26},"end":{"line":49,"column":1}},"21":{"start":{"line":29,"column":19},"end":{"line":29,"column":37}},"22":{"start":{"line":30,"column":17},"end":{"line":30,"column":41}},"23":{"start":{"line":31,"column":2},"end":{"line":31,"column":28}},"24":{"start":{"line":31,"column":14},"end":{"line":31,"column":28}},"25":{"start":{"line":33,"column":15},"end":{"line":33,"column":54}},"26":{"start":{"line":34,"column":19},"end":{"line":34,"column":34}},"27":{"start":{"line":35,"column":14},"end":{"line":35,"column":84}},"28":{"start":{"line":37,"column":2},"end":{"line":45,"column":3}},"29":{"start":{"line":37,"column":15},"end":{"line":37,"column":16}},"30":{"start":{"line":38,"column":17},"end":{"line":38,"column":66}},"31":{"start":{"line":39,"column":4},"end":{"line":44,"column":7}},"32":{"start":{"line":40,"column":6},"end":{"line":42,"column":27}},"33":{"start":{"line":40,"column":32},"end":{"line":40,"column":46}},"34":{"start":{"line":41,"column":11},"end":{"line":42,"column":27}},"35":{"start":{"line":41,"column":36},"end":{"line":41,"column":49}},"36":{"start":{"line":42,"column":11},"end":{"line":42,"column":27}},"37":{"start":{"line":43,"column":6},"end":{"line":43,"column":69}},"38":{"start":{"line":47,"column":2},"end":{"line":47,"column":40}},"39":{"start":{"line":48,"column":2},"end":{"line":48,"column":15}},"40":{"start":{"line":51,"column":27},"end":{"line":59,"column":1}},"41":{"start":{"line":52,"column":19},"end":{"line":52,"column":47}},"42":{"start":{"line":53,"column":17},"end":{"line":53,"column":41}},"43":{"start":{"line":54,"column":2},"end":{"line":54,"column":28}},"44":{"start":{"line":54,"column":14},"end":{"line":54,"column":28}},"45":{"start":{"line":56,"column":15},"end":{"line":56,"column":61}},"46":{"start":{"line":57,"column":2},"end":{"line":57,"column":39}},"47":{"start":{"line":58,"column":2},"end":{"line":58,"column":14}},"48":{"start":{"line":61,"column":0},"end":{"line":61,"column":92}}},"fnMap":{"0":{"name":"(anonymous_0)","decl":{"start":{"line":4,"column":22},"end":{"line":4,"column":23}},"loc":{"start":{"line":4,"column":56},"end":{"line":16,"column":1}},"line":4},"1":{"name":"(anonymous_1)","decl":{"start":{"line":18,"column":25},"end":{"line":18,"column":26}},"loc":{"start":{"line":18,"column":39},"end":{"line":26,"column":1}},"line":18},"2":{"name":"(anonymous_2)","decl":{"start":{"line":28,"column":26},"end":{"line":28,"column":27}},"loc":{"start":{"line":28,"column":38},"end":{"line":49,"column":1}},"line":28},"3":{"name":"(anonymous_3)","decl":{"start":{"line":39,"column":25},"end":{"line":39,"column":26}},"loc":{"start":{"line":39,"column":30},"end":{"line":44,"column":5}},"line":39},"4":{"name":"(anonymous_4)","decl":{"start":{"line":51,"column":27},"end":{"line":51,"column":28}},"loc":{"start":{"line":51,"column":42},"end":{"line":59,"column":1}},"line":51}},"branchMap":{"0":{"loc":{"start":{"line":4,"column":29},"end":{"line":4,"column":37}},"type":"default-arg","locations":[{"start":{"line":4,"column":36},"end":{"line":4,"column":37}}],"line":4},"1":{"loc":{"start":{"line":4,"column":39},"end":{"line":4,"column":51}},"type":"default-arg","locations":[{"start":{"line":4,"column":49},"end":{"line":4,"column":51}}],"line":4},"2":{"loc":{"start":{"line":6,"column":41},"end":{"line":6,"column":49}},"type":"binary-expr","locations":[{"start":{"line":6,"column":41},"end":{"line":6,"column":45}},{"start":{"line":6,"column":47},"end":{"line":6,"column":49}}],"line":6},"3":{"loc":{"start":{"line":6,"column":53},"end":{"line":6,"column":63}},"type":"binary-expr","locations":[{"start":{"line":6,"column":53},"end":{"line":6,"column":59}},{"start":{"line":6,"column":61},"end":{"line":6,"column":63}}],"line":6},"4":{"loc":{"start":{"line":6,"column":67},"end":{"line":6,"column":78}},"type":"binary-expr","locations":[{"start":{"line":6,"column":67},"end":{"line":6,"column":74}},{"start":{"line":6,"column":76},"end":{"line":6,"column":78}}],"line":6},"5":{"loc":{"start":{"line":9,"column":2},"end":{"line":9,"column":52}},"type":"if","locations":[{"start":{"line":9,"column":2},"end":{"line":9,"column":52}},{"start":{},"end":{}}],"line":9},"6":{"loc":{"start":{"line":11,"column":29},"end":{"line":11,"column":45}},"type":"binary-expr","locations":[{"start":{"line":11,"column":29},"end":{"line":11,"column":33}},{"start":{"line":11,"column":37},"end":{"line":11,"column":45}}],"line":11},"7":{"loc":{"start":{"line":11,"column":52},"end":{"line":11,"column":72}},"type":"binary-expr","locations":[{"start":{"line":11,"column":52},"end":{"line":11,"column":58}},{"start":{"line":11,"column":62},"end":{"line":11,"column":72}}],"line":11},"8":{"loc":{"start":{"line":11,"column":79},"end":{"line":11,"column":101}},"type":"binary-expr","locations":[{"start":{"line":11,"column":79},"end":{"line":11,"column":86}},{"start":{"line":11,"column":90},"end":{"line":11,"column":101}}],"line":11},"9":{"loc":{"start":{"line":21,"column":2},"end":{"line":21,"column":52}},"type":"if","locations":[{"start":{"line":21,"column":2},"end":{"line":21,"column":52}},{"start":{},"end":{}}],"line":21},"10":{"loc":{"start":{"line":31,"column":2},"end":{"line":31,"column":28}},"type":"if","locations":[{"start":{"line":31,"column":2},"end":{"line":31,"column":28}},{"start":{},"end":{}}],"line":31},"11":{"loc":{"start":{"line":40,"column":6},"end":{"line":42,"column":27}},"type":"if","locations":[{"start":{"line":40,"column":6},"end":{"line":42,"column":27}},{"start":{"line":41,"column":11},"end":{"line":42,"column":27}}],"line":40},"12":{"loc":{"start":{"line":41,"column":11},"end":{"line":42,"column":27}},"type":"if","locations":[{"start":{"line":41,"column":11},"end":{"line":42,"column":27}},{"start":{"line":42,"column":11},"end":{"line":42,"column":27}}],"line":41},"13":{"loc":{"start":{"line":43,"column":34},"end":{"line":43,"column":63}},"type":"binary-expr","locations":[{"start":{"line":43,"column":34},"end":{"line":43,"column":58}},{"start":{"line":43,"column":62},"end":{"line":43,"column":63}}],"line":43},"14":{"loc":{"start":{"line":54,"column":2},"end":{"line":54,"column":28}},"type":"if","locations":[{"start":{"line":54,"column":2},"end":{"line":54,"column":28}},{"start":{},"end":{}}],"line":54}},"s":{"0":1,"1":1,"2":1,"3":3,"4":3,"5":3,"6":3,"7":1,"8":2,"9":2,"10":2,"11":2,"12":1,"13":2,"14":2,"15":2,"16":1,"17":1,"18":1,"19":1,"20":1,"21":0,"22":0,"23":0,"24":0,"25":0,"26":0,"27":0,"28":0,"29":0,"30":0,"31":0,"32":0,"33":0,"34":0,"35":0,"36":0,"37":0,"38":0,"39":0,"40":1,"41":0,"42":0,"43":0,"44":0,"45":0,"46":0,"47":0,"48":1},"f":{"0":3,"1":2,"2":0,"3":0,"4":0},"b":{"0":[0],"1":[0],"2":[3,2],"3":[3,3],"4":[3,3],"5":[1,2],"6":[2,1],"7":[2,0],"8":[2,0],"9":[1,1],"10":[0,0],"11":[0,0],"12":[0,0],"13":[0,0],"14":[0,0]},"_coverageSchema":"1a1c01bbd47fc00a2c39e90264f33305004495a9","hash":"8682591ebd584f9273d67916d43b586f02e2fd76"}
,"/app/src/modules/episodes/episode.controller.js": {"path":"/app/src/modules/episodes/episode.controller.js","statementMap":{"0":{"start":{"line":1,"column":23},"end":{"line":1,"column":51}},"1":{"start":{"line":3,"column":20},"end":{"line":9,"column":1}},"2":{"start":{"line":4,"column":2},"end":{"line":8,"column":34}},"3":{"start":{"line":5,"column":36},"end":{"line":5,"column":45}},"4":{"start":{"line":6,"column":17},"end":{"line":6,"column":74}},"5":{"start":{"line":7,"column":4},"end":{"line":7,"column":38}},"6":{"start":{"line":8,"column":20},"end":{"line":8,"column":32}},"7":{"start":{"line":11,"column":23},"end":{"line":16,"column":1}},"8":{"start":{"line":12,"column":2},"end":{"line":15,"column":34}},"9":{"start":{"line":13,"column":17},"end":{"line":13,"column":67}},"10":{"start":{"line":14,"column":4},"end":{"line":14,"column":38}},"11":{"start":{"line":15,"column":20},"end":{"line":15,"column":32}},"12":{"start":{"line":18,"column":24},"end":{"line":23,"column":1}},"13":{"start":{"line":19,"column":2},"end":{"line":22,"column":34}},"14":{"start":{"line":20,"column":17},"end":{"line":20,"column":55}},"15":{"start":{"line":21,"column":4},"end":{"line":21,"column":38}},"16":{"start":{"line":22,"column":20},"end":{"line":22,"column":32}},"17":{"start":{"line":25,"column":0},"end":{"line":25,"column":66}}},"fnMap":{"0":{"name":"(anonymous_0)","decl":{"start":{"line":3,"column":20},"end":{"line":3,"column":21}},"loc":{"start":{"line":3,"column":46},"end":{"line":9,"column":1}},"line":3},"1":{"name":"(anonymous_1)","decl":{"start":{"line":11,"column":23},"end":{"line":11,"column":24}},"loc":{"start":{"line":11,"column":49},"end":{"line":16,"column":1}},"line":11},"2":{"name":"(anonymous_2)","decl":{"start":{"line":18,"column":24},"end":{"line":18,"column":25}},"loc":{"start":{"line":18,"column":50},"end":{"line":23,"column":1}},"line":18}},"branchMap":{},"s":{"0":0,"1":0,"2":0,"3":0,"4":0,"5":0,"6":0,"7":0,"8":0,"9":0,"10":0,"11":0,"12":0,"13":0,"14":0,"15":0,"16":0,"17":0},"f":{"0":0,"1":0,"2":0},"b":{}}
,"/app/src/modules/episodes/episode.routes.js": {"path":"/app/src/modules/episodes/episode.routes.js","statementMap":{"0":{"start":{"line":1,"column":15},"end":{"line":1,"column":42}},"1":{"start":{"line":2,"column":23},"end":{"line":2,"column":52}},"2":{"start":{"line":3,"column":17},"end":{"line":3,"column":61}},"3":{"start":{"line":4,"column":57},"end":{"line":4,"column":88}},"4":{"start":{"line":6,"column":0},"end":{"line":6,"column":27}},"5":{"start":{"line":7,"column":0},"end":{"line":7,"column":21}},"6":{"start":{"line":35,"column":0},"end":{"line":35,"column":29}},"7":{"start":{"line":49,"column":0},"end":{"line":49,"column":38}},"8":{"start":{"line":69,"column":0},"end":{"line":69,"column":35}},"9":{"start":{"line":71,"column":0},"end":{"line":71,"column":24}}},"fnMap":{},"branchMap":{},"s":{"0":0,"1":0,"2":0,"3":0,"4":0,"5":0,"6":0,"7":0,"8":0,"9":0},"f":{},"b":{}}
,"/app/src/modules/episodes/episode.service.js": {"path":"/app/src/modules/episodes/episode.service.js","statementMap":{"0":{"start":{"line":1,"column":24},"end":{"line":1,"column":64}},"1":{"start":{"line":2,"column":31},"end":{"line":2,"column":60}},"2":{"start":{"line":4,"column":20},"end":{"line":16,"column":1}},"3":{"start":{"line":5,"column":28},"end":{"line":5,"column":35}},"4":{"start":{"line":6,"column":19},"end":{"line":6,"column":64}},"5":{"start":{"line":8,"column":17},"end":{"line":8,"column":41}},"6":{"start":{"line":9,"column":2},"end":{"line":9,"column":52}},"7":{"start":{"line":9,"column":14},"end":{"line":9,"column":52}},"8":{"start":{"line":11,"column":17},"end":{"line":11,"column":77}},"9":{"start":{"line":12,"column":15},"end":{"line":12,"column":64}},"10":{"start":{"line":14,"column":2},"end":{"line":14,"column":39}},"11":{"start":{"line":15,"column":2},"end":{"line":15,"column":14}},"12":{"start":{"line":18,"column":23},"end":{"line":26,"column":1}},"13":{"start":{"line":19,"column":19},"end":{"line":19,"column":34}},"14":{"start":{"line":20,"column":17},"end":{"line":20,"column":41}},"15":{"start":{"line":21,"column":2},"end":{"line":21,"column":52}},"16":{"start":{"line":21,"column":14},"end":{"line":21,"column":52}},"17":{"start":{"line":23,"column":15},"end":{"line":23,"column":58}},"18":{"start":{"line":24,"column":2},"end":{"line":24,"column":39}},"19":{"start":{"line":25,"column":2},"end":{"line":25,"column":14}},"20":{"start":{"line":28,"column":24},"end":{"line":46,"column":1}},"21":{"start":{"line":29,"column":19},"end":{"line":29,"column":35}},"22":{"start":{"line":30,"column":17},"end":{"line":30,"column":41}},"23":{"start":{"line":31,"column":2},"end":{"line":31,"column":28}},"24":{"start":{"line":31,"column":14},"end":{"line":31,"column":28}},"25":{"start":{"line":33,"column":15},"end":{"line":33,"column":52}},"26":{"start":{"line":34,"column":14},"end":{"line":34,"column":55}},"27":{"start":{"line":36,"column":2},"end":{"line":42,"column":3}},"28":{"start":{"line":36,"column":15},"end":{"line":36,"column":16}},"29":{"start":{"line":37,"column":17},"end":{"line":37,"column":64}},"30":{"start":{"line":38,"column":4},"end":{"line":41,"column":7}},"31":{"start":{"line":39,"column":21},"end":{"line":39,"column":46}},"32":{"start":{"line":40,"column":6},"end":{"line":40,"column":67}},"33":{"start":{"line":44,"column":2},"end":{"line":44,"column":40}},"34":{"start":{"line":45,"column":2},"end":{"line":45,"column":15}},"35":{"start":{"line":48,"column":0},"end":{"line":48,"column":66}}},"fnMap":{"0":{"name":"(anonymous_0)","decl":{"start":{"line":4,"column":20},"end":{"line":4,"column":21}},"loc":{"start":{"line":4,"column":54},"end":{"line":16,"column":1}},"line":4},"1":{"name":"(anonymous_1)","decl":{"start":{"line":18,"column":23},"end":{"line":18,"column":24}},"loc":{"start":{"line":18,"column":37},"end":{"line":26,"column":1}},"line":18},"2":{"name":"(anonymous_2)","decl":{"start":{"line":28,"column":24},"end":{"line":28,"column":25}},"loc":{"start":{"line":28,"column":36},"end":{"line":46,"column":1}},"line":28},"3":{"name":"(anonymous_3)","decl":{"start":{"line":38,"column":25},"end":{"line":38,"column":26}},"loc":{"start":{"line":38,"column":30},"end":{"line":41,"column":5}},"line":38}},"branchMap":{"0":{"loc":{"start":{"line":4,"column":27},"end":{"line":4,"column":35}},"type":"default-arg","locations":[{"start":{"line":4,"column":34},"end":{"line":4,"column":35}}],"line":4},"1":{"loc":{"start":{"line":4,"column":37},"end":{"line":4,"column":49}},"type":"default-arg","locations":[{"start":{"line":4,"column":47},"end":{"line":4,"column":49}}],"line":4},"2":{"loc":{"start":{"line":6,"column":39},"end":{"line":6,"column":47}},"type":"binary-expr","locations":[{"start":{"line":6,"column":39},"end":{"line":6,"column":43}},{"start":{"line":6,"column":45},"end":{"line":6,"column":47}}],"line":6},"3":{"loc":{"start":{"line":6,"column":51},"end":{"line":6,"column":62}},"type":"binary-expr","locations":[{"start":{"line":6,"column":51},"end":{"line":6,"column":58}},{"start":{"line":6,"column":60},"end":{"line":6,"column":62}}],"line":6},"4":{"loc":{"start":{"line":9,"column":2},"end":{"line":9,"column":52}},"type":"if","locations":[{"start":{"line":9,"column":2},"end":{"line":9,"column":52}},{"start":{},"end":{}}],"line":9},"5":{"loc":{"start":{"line":11,"column":29},"end":{"line":11,"column":45}},"type":"binary-expr","locations":[{"start":{"line":11,"column":29},"end":{"line":11,"column":33}},{"start":{"line":11,"column":37},"end":{"line":11,"column":45}}],"line":11},"6":{"loc":{"start":{"line":11,"column":52},"end":{"line":11,"column":74}},"type":"binary-expr","locations":[{"start":{"line":11,"column":52},"end":{"line":11,"column":59}},{"start":{"line":11,"column":63},"end":{"line":11,"column":74}}],"line":11},"7":{"loc":{"start":{"line":21,"column":2},"end":{"line":21,"column":52}},"type":"if","locations":[{"start":{"line":21,"column":2},"end":{"line":21,"column":52}},{"start":{},"end":{}}],"line":21},"8":{"loc":{"start":{"line":31,"column":2},"end":{"line":31,"column":28}},"type":"if","locations":[{"start":{"line":31,"column":2},"end":{"line":31,"column":28}},{"start":{},"end":{}}],"line":31},"9":{"loc":{"start":{"line":40,"column":33},"end":{"line":40,"column":61}},"type":"binary-expr","locations":[{"start":{"line":40,"column":33},"end":{"line":40,"column":56}},{"start":{"line":40,"column":60},"end":{"line":40,"column":61}}],"line":40}},"s":{"0":0,"1":0,"2":0,"3":0,"4":0,"5":0,"6":0,"7":0,"8":0,"9":0,"10":0,"11":0,"12":0,"13":0,"14":0,"15":0,"16":0,"17":0,"18":0,"19":0,"20":0,"21":0,"22":0,"23":0,"24":0,"25":0,"26":0,"27":0,"28":0,"29":0,"30":0,"31":0,"32":0,"33":0,"34":0,"35":0},"f":{"0":0,"1":0,"2":0,"3":0},"b":{"0":[0],"1":[0],"2":[0,0],"3":[0,0],"4":[0,0],"5":[0,0],"6":[0,0],"7":[0,0],"8":[0,0],"9":[0,0]}}
,"/app/src/modules/favorites/favorite.controller.js": {"path":"/app/src/modules/favorites/favorite.controller.js","statementMap":{"0":{"start":{"line":1,"column":24},"end":{"line":1,"column":53}},"1":{"start":{"line":3,"column":21},"end":{"line":8,"column":1}},"2":{"start":{"line":4,"column":2},"end":{"line":7,"column":34}},"3":{"start":{"line":5,"column":17},"end":{"line":5,"column":64}},"4":{"start":{"line":6,"column":4},"end":{"line":6,"column":38}},"5":{"start":{"line":7,"column":20},"end":{"line":7,"column":32}},"6":{"start":{"line":10,"column":20},"end":{"line":15,"column":1}},"7":{"start":{"line":11,"column":2},"end":{"line":14,"column":34}},"8":{"start":{"line":12,"column":17},"end":{"line":12,"column":73}},"9":{"start":{"line":13,"column":4},"end":{"line":13,"column":50}},"10":{"start":{"line":14,"column":20},"end":{"line":14,"column":32}},"11":{"start":{"line":17,"column":23},"end":{"line":22,"column":1}},"12":{"start":{"line":18,"column":2},"end":{"line":21,"column":34}},"13":{"start":{"line":19,"column":17},"end":{"line":19,"column":81}},"14":{"start":{"line":20,"column":4},"end":{"line":20,"column":38}},"15":{"start":{"line":21,"column":20},"end":{"line":21,"column":32}},"16":{"start":{"line":24,"column":0},"end":{"line":24,"column":63}}},"fnMap":{"0":{"name":"(anonymous_0)","decl":{"start":{"line":3,"column":21},"end":{"line":3,"column":22}},"loc":{"start":{"line":3,"column":47},"end":{"line":8,"column":1}},"line":3},"1":{"name":"(anonymous_1)","decl":{"start":{"line":10,"column":20},"end":{"line":10,"column":21}},"loc":{"start":{"line":10,"column":46},"end":{"line":15,"column":1}},"line":10},"2":{"name":"(anonymous_2)","decl":{"start":{"line":17,"column":23},"end":{"line":17,"column":24}},"loc":{"start":{"line":17,"column":49},"end":{"line":22,"column":1}},"line":17}},"branchMap":{},"s":{"0":0,"1":0,"2":0,"3":0,"4":0,"5":0,"6":0,"7":0,"8":0,"9":0,"10":0,"11":0,"12":0,"13":0,"14":0,"15":0,"16":0},"f":{"0":0,"1":0,"2":0},"b":{}}
,"/app/src/modules/favorites/favorite.model.js": {"path":"/app/src/modules/favorites/favorite.model.js","statementMap":{"0":{"start":{"line":1,"column":22},"end":{"line":1,"column":42}},"1":{"start":{"line":2,"column":22},"end":{"line":2,"column":48}},"2":{"start":{"line":3,"column":13},"end":{"line":3,"column":43}},"3":{"start":{"line":5,"column":17},"end":{"line":24,"column":2}},"4":{"start":{"line":26,"column":0},"end":{"line":26,"column":51}},"5":{"start":{"line":28,"column":0},"end":{"line":28,"column":26}}},"fnMap":{},"branchMap":{},"s":{"0":1,"1":1,"2":1,"3":1,"4":1,"5":1},"f":{},"b":{},"_coverageSchema":"1a1c01bbd47fc00a2c39e90264f33305004495a9","hash":"cfcec42a01239c23711b2f7f3947f367799b7a70"}
,"/app/src/modules/favorites/favorite.routes.js": {"path":"/app/src/modules/favorites/favorite.routes.js","statementMap":{"0":{"start":{"line":1,"column":15},"end":{"line":1,"column":42}},"1":{"start":{"line":2,"column":23},"end":{"line":2,"column":52}},"2":{"start":{"line":3,"column":17},"end":{"line":3,"column":61}},"3":{"start":{"line":4,"column":54},"end":{"line":4,"column":86}},"4":{"start":{"line":6,"column":0},"end":{"line":6,"column":27}},"5":{"start":{"line":7,"column":0},"end":{"line":7,"column":21}},"6":{"start":{"line":21,"column":0},"end":{"line":21,"column":30}},"7":{"start":{"line":54,"column":0},"end":{"line":54,"column":30}},"8":{"start":{"line":76,"column":0},"end":{"line":76,"column":38}},"9":{"start":{"line":78,"column":0},"end":{"line":78,"column":24}}},"fnMap":{},"branchMap":{},"s":{"0":0,"1":0,"2":0,"3":0,"4":0,"5":0,"6":0,"7":0,"8":0,"9":0},"f":{},"b":{}}
,"/app/src/modules/favorites/favorite.service.js": {"path":"/app/src/modules/favorites/favorite.service.js","statementMap":{"0":{"start":{"line":1,"column":17},"end":{"line":1,"column":44}},"1":{"start":{"line":2,"column":27},"end":{"line":2,"column":59}},"2":{"start":{"line":4,"column":21},"end":{"line":6,"column":1}},"3":{"start":{"line":5,"column":2},"end":{"line":5,"column":55}},"4":{"start":{"line":8,"column":20},"end":{"line":22,"column":1}},"5":{"start":{"line":9,"column":19},"end":{"line":11,"column":4}},"6":{"start":{"line":12,"column":2},"end":{"line":12,"column":71}},"7":{"start":{"line":12,"column":16},"end":{"line":12,"column":71}},"8":{"start":{"line":14,"column":19},"end":{"line":14,"column":61}},"9":{"start":{"line":16,"column":2},"end":{"line":19,"column":5}},"10":{"start":{"line":21,"column":2},"end":{"line":21,"column":18}},"11":{"start":{"line":24,"column":23},"end":{"line":29,"column":1}},"12":{"start":{"line":25,"column":19},"end":{"line":25,"column":68}},"13":{"start":{"line":26,"column":2},"end":{"line":26,"column":74}},"14":{"start":{"line":26,"column":17},"end":{"line":26,"column":74}},"15":{"start":{"line":27,"column":2},"end":{"line":27,"column":27}},"16":{"start":{"line":28,"column":2},"end":{"line":28,"column":47}},"17":{"start":{"line":31,"column":0},"end":{"line":31,"column":63}}},"fnMap":{"0":{"name":"(anonymous_0)","decl":{"start":{"line":4,"column":21},"end":{"line":4,"column":22}},"loc":{"start":{"line":4,"column":39},"end":{"line":6,"column":1}},"line":4},"1":{"name":"(anonymous_1)","decl":{"start":{"line":8,"column":20},"end":{"line":8,"column":21}},"loc":{"start":{"line":8,"column":44},"end":{"line":22,"column":1}},"line":8},"2":{"name":"(anonymous_2)","decl":{"start":{"line":24,"column":23},"end":{"line":24,"column":24}},"loc":{"start":{"line":24,"column":45},"end":{"line":29,"column":1}},"line":24}},"branchMap":{"0":{"loc":{"start":{"line":12,"column":2},"end":{"line":12,"column":71}},"type":"if","locations":[{"start":{"line":12,"column":2},"end":{"line":12,"column":71}},{"start":{},"end":{}}],"line":12},"1":{"loc":{"start":{"line":26,"column":2},"end":{"line":26,"column":74}},"type":"if","locations":[{"start":{"line":26,"column":2},"end":{"line":26,"column":74}},{"start":{},"end":{}}],"line":26}},"s":{"0":1,"1":1,"2":1,"3":1,"4":1,"5":2,"6":2,"7":1,"8":1,"9":1,"10":1,"11":1,"12":2,"13":2,"14":1,"15":1,"16":1,"17":1},"f":{"0":1,"1":2,"2":2},"b":{"0":[1,1],"1":[1,1]},"_coverageSchema":"1a1c01bbd47fc00a2c39e90264f33305004495a9","hash":"35a95a54be6de28937ae686c69f82dacdeba62b1"}
,"/app/src/modules/locations/location.controller.js": {"path":"/app/src/modules/locations/location.controller.js","statementMap":{"0":{"start":{"line":1,"column":24},"end":{"line":1,"column":53}},"1":{"start":{"line":3,"column":21},"end":{"line":9,"column":1}},"2":{"start":{"line":4,"column":2},"end":{"line":8,"column":34}},"3":{"start":{"line":5,"column":44},"end":{"line":5,"column":53}},"4":{"start":{"line":6,"column":17},"end":{"line":6,"column":84}},"5":{"start":{"line":7,"column":4},"end":{"line":7,"column":38}},"6":{"start":{"line":8,"column":20},"end":{"line":8,"column":32}},"7":{"start":{"line":11,"column":24},"end":{"line":16,"column":1}},"8":{"start":{"line":12,"column":2},"end":{"line":15,"column":34}},"9":{"start":{"line":13,"column":17},"end":{"line":13,"column":69}},"10":{"start":{"line":14,"column":4},"end":{"line":14,"column":38}},"11":{"start":{"line":15,"column":20},"end":{"line":15,"column":32}},"12":{"start":{"line":18,"column":25},"end":{"line":23,"column":1}},"13":{"start":{"line":19,"column":2},"end":{"line":22,"column":34}},"14":{"start":{"line":20,"column":17},"end":{"line":20,"column":57}},"15":{"start":{"line":21,"column":4},"end":{"line":21,"column":38}},"16":{"start":{"line":22,"column":20},"end":{"line":22,"column":32}},"17":{"start":{"line":25,"column":0},"end":{"line":25,"column":69}}},"fnMap":{"0":{"name":"(anonymous_0)","decl":{"start":{"line":3,"column":21},"end":{"line":3,"column":22}},"loc":{"start":{"line":3,"column":47},"end":{"line":9,"column":1}},"line":3},"1":{"name":"(anonymous_1)","decl":{"start":{"line":11,"column":24},"end":{"line":11,"column":25}},"loc":{"start":{"line":11,"column":50},"end":{"line":16,"column":1}},"line":11},"2":{"name":"(anonymous_2)","decl":{"start":{"line":18,"column":25},"end":{"line":18,"column":26}},"loc":{"start":{"line":18,"column":51},"end":{"line":23,"column":1}},"line":18}},"branchMap":{},"s":{"0":0,"1":0,"2":0,"3":0,"4":0,"5":0,"6":0,"7":0,"8":0,"9":0,"10":0,"11":0,"12":0,"13":0,"14":0,"15":0,"16":0,"17":0},"f":{"0":0,"1":0,"2":0},"b":{}}
,"/app/src/modules/locations/location.routes.js": {"path":"/app/src/modules/locations/location.routes.js","statementMap":{"0":{"start":{"line":1,"column":15},"end":{"line":1,"column":42}},"1":{"start":{"line":2,"column":23},"end":{"line":2,"column":52}},"2":{"start":{"line":3,"column":17},"end":{"line":3,"column":61}},"3":{"start":{"line":4,"column":60},"end":{"line":4,"column":92}},"4":{"start":{"line":6,"column":0},"end":{"line":6,"column":27}},"5":{"start":{"line":7,"column":0},"end":{"line":7,"column":21}},"6":{"start":{"line":38,"column":0},"end":{"line":38,"column":30}},"7":{"start":{"line":52,"column":0},"end":{"line":52,"column":39}},"8":{"start":{"line":72,"column":0},"end":{"line":72,"column":36}},"9":{"start":{"line":74,"column":0},"end":{"line":74,"column":24}}},"fnMap":{},"branchMap":{},"s":{"0":0,"1":0,"2":0,"3":0,"4":0,"5":0,"6":0,"7":0,"8":0,"9":0},"f":{},"b":{}}
,"/app/src/modules/locations/location.service.js": {"path":"/app/src/modules/locations/location.service.js","statementMap":{"0":{"start":{"line":1,"column":24},"end":{"line":1,"column":64}},"1":{"start":{"line":2,"column":31},"end":{"line":2,"column":60}},"2":{"start":{"line":4,"column":21},"end":{"line":16,"column":1}},"3":{"start":{"line":5,"column":36},"end":{"line":5,"column":43}},"4":{"start":{"line":6,"column":19},"end":{"line":6,"column":79}},"5":{"start":{"line":8,"column":17},"end":{"line":8,"column":41}},"6":{"start":{"line":9,"column":2},"end":{"line":9,"column":52}},"7":{"start":{"line":9,"column":14},"end":{"line":9,"column":52}},"8":{"start":{"line":11,"column":17},"end":{"line":11,"column":104}},"9":{"start":{"line":12,"column":15},"end":{"line":12,"column":65}},"10":{"start":{"line":14,"column":2},"end":{"line":14,"column":39}},"11":{"start":{"line":15,"column":2},"end":{"line":15,"column":14}},"12":{"start":{"line":18,"column":24},"end":{"line":26,"column":1}},"13":{"start":{"line":19,"column":19},"end":{"line":19,"column":35}},"14":{"start":{"line":20,"column":17},"end":{"line":20,"column":41}},"15":{"start":{"line":21,"column":2},"end":{"line":21,"column":52}},"16":{"start":{"line":21,"column":14},"end":{"line":21,"column":52}},"17":{"start":{"line":23,"column":15},"end":{"line":23,"column":59}},"18":{"start":{"line":24,"column":2},"end":{"line":24,"column":39}},"19":{"start":{"line":25,"column":2},"end":{"line":25,"column":14}},"20":{"start":{"line":28,"column":25},"end":{"line":46,"column":1}},"21":{"start":{"line":29,"column":19},"end":{"line":29,"column":36}},"22":{"start":{"line":30,"column":17},"end":{"line":30,"column":41}},"23":{"start":{"line":31,"column":2},"end":{"line":31,"column":28}},"24":{"start":{"line":31,"column":14},"end":{"line":31,"column":28}},"25":{"start":{"line":33,"column":15},"end":{"line":33,"column":53}},"26":{"start":{"line":34,"column":14},"end":{"line":34,"column":67}},"27":{"start":{"line":36,"column":2},"end":{"line":42,"column":3}},"28":{"start":{"line":36,"column":15},"end":{"line":36,"column":16}},"29":{"start":{"line":37,"column":17},"end":{"line":37,"column":65}},"30":{"start":{"line":38,"column":4},"end":{"line":41,"column":7}},"31":{"start":{"line":39,"column":6},"end":{"line":39,"column":59}},"32":{"start":{"line":40,"column":6},"end":{"line":40,"column":79}},"33":{"start":{"line":44,"column":2},"end":{"line":44,"column":40}},"34":{"start":{"line":45,"column":2},"end":{"line":45,"column":15}},"35":{"start":{"line":48,"column":0},"end":{"line":48,"column":69}}},"fnMap":{"0":{"name":"(anonymous_0)","decl":{"start":{"line":4,"column":21},"end":{"line":4,"column":22}},"loc":{"start":{"line":4,"column":55},"end":{"line":16,"column":1}},"line":4},"1":{"name":"(anonymous_1)","decl":{"start":{"line":18,"column":24},"end":{"line":18,"column":25}},"loc":{"start":{"line":18,"column":38},"end":{"line":26,"column":1}},"line":18},"2":{"name":"(anonymous_2)","decl":{"start":{"line":28,"column":25},"end":{"line":28,"column":26}},"loc":{"start":{"line":28,"column":37},"end":{"line":46,"column":1}},"line":28},"3":{"name":"(anonymous_3)","decl":{"start":{"line":38,"column":25},"end":{"line":38,"column":26}},"loc":{"start":{"line":38,"column":30},"end":{"line":41,"column":5}},"line":38}},"branchMap":{"0":{"loc":{"start":{"line":4,"column":28},"end":{"line":4,"column":36}},"type":"default-arg","locations":[{"start":{"line":4,"column":35},"end":{"line":4,"column":36}}],"line":4},"1":{"loc":{"start":{"line":4,"column":38},"end":{"line":4,"column":50}},"type":"default-arg","locations":[{"start":{"line":4,"column":48},"end":{"line":4,"column":50}}],"line":4},"2":{"loc":{"start":{"line":6,"column":40},"end":{"line":6,"column":48}},"type":"binary-expr","locations":[{"start":{"line":6,"column":40},"end":{"line":6,"column":44}},{"start":{"line":6,"column":46},"end":{"line":6,"column":48}}],"line":6},"3":{"loc":{"start":{"line":6,"column":52},"end":{"line":6,"column":60}},"type":"binary-expr","locations":[{"start":{"line":6,"column":52},"end":{"line":6,"column":56}},{"start":{"line":6,"column":58},"end":{"line":6,"column":60}}],"line":6},"4":{"loc":{"start":{"line":6,"column":64},"end":{"line":6,"column":77}},"type":"binary-expr","locations":[{"start":{"line":6,"column":64},"end":{"line":6,"column":73}},{"start":{"line":6,"column":75},"end":{"line":6,"column":77}}],"line":6},"5":{"loc":{"start":{"line":9,"column":2},"end":{"line":9,"column":52}},"type":"if","locations":[{"start":{"line":9,"column":2},"end":{"line":9,"column":52}},{"start":{},"end":{}}],"line":9},"6":{"loc":{"start":{"line":11,"column":29},"end":{"line":11,"column":45}},"type":"binary-expr","locations":[{"start":{"line":11,"column":29},"end":{"line":11,"column":33}},{"start":{"line":11,"column":37},"end":{"line":11,"column":45}}],"line":11},"7":{"loc":{"start":{"line":11,"column":52},"end":{"line":11,"column":68}},"type":"binary-expr","locations":[{"start":{"line":11,"column":52},"end":{"line":11,"column":56}},{"start":{"line":11,"column":60},"end":{"line":11,"column":68}}],"line":11},"8":{"loc":{"start":{"line":11,"column":75},"end":{"line":11,"column":101}},"type":"binary-expr","locations":[{"start":{"line":11,"column":75},"end":{"line":11,"column":84}},{"start":{"line":11,"column":88},"end":{"line":11,"column":101}}],"line":11},"9":{"loc":{"start":{"line":21,"column":2},"end":{"line":21,"column":52}},"type":"if","locations":[{"start":{"line":21,"column":2},"end":{"line":21,"column":52}},{"start":{},"end":{}}],"line":21},"10":{"loc":{"start":{"line":31,"column":2},"end":{"line":31,"column":28}},"type":"if","locations":[{"start":{"line":31,"column":2},"end":{"line":31,"column":28}},{"start":{},"end":{}}],"line":31},"11":{"loc":{"start":{"line":39,"column":29},"end":{"line":39,"column":53}},"type":"binary-expr","locations":[{"start":{"line":39,"column":29},"end":{"line":39,"column":48}},{"start":{"line":39,"column":52},"end":{"line":39,"column":53}}],"line":39},"12":{"loc":{"start":{"line":40,"column":39},"end":{"line":40,"column":73}},"type":"binary-expr","locations":[{"start":{"line":40,"column":39},"end":{"line":40,"column":68}},{"start":{"line":40,"column":72},"end":{"line":40,"column":73}}],"line":40}},"s":{"0":0,"1":0,"2":0,"3":0,"4":0,"5":0,"6":0,"7":0,"8":0,"9":0,"10":0,"11":0,"12":0,"13":0,"14":0,"15":0,"16":0,"17":0,"18":0,"19":0,"20":0,"21":0,"22":0,"23":0,"24":0,"25":0,"26":0,"27":0,"28":0,"29":0,"30":0,"31":0,"32":0,"33":0,"34":0,"35":0},"f":{"0":0,"1":0,"2":0,"3":0},"b":{"0":[0],"1":[0],"2":[0,0],"3":[0,0],"4":[0,0],"5":[0,0],"6":[0,0],"7":[0,0],"8":[0,0],"9":[0,0],"10":[0,0],"11":[0,0],"12":[0,0]}}
,"/app/src/modules/users/user.controller.js": {"path":"/app/src/modules/users/user.controller.js","statementMap":{"0":{"start":{"line":1,"column":20},"end":{"line":1,"column":45}},"1":{"start":{"line":3,"column":20},"end":{"line":8,"column":1}},"2":{"start":{"line":4,"column":2},"end":{"line":7,"column":34}},"3":{"start":{"line":5,"column":17},"end":{"line":5,"column":48}},"4":{"start":{"line":6,"column":4},"end":{"line":6,"column":38}},"5":{"start":{"line":7,"column":20},"end":{"line":7,"column":32}},"6":{"start":{"line":10,"column":19},"end":{"line":15,"column":1}},"7":{"start":{"line":11,"column":2},"end":{"line":14,"column":34}},"8":{"start":{"line":12,"column":17},"end":{"line":12,"column":75}},"9":{"start":{"line":13,"column":4},"end":{"line":13,"column":38}},"10":{"start":{"line":14,"column":20},"end":{"line":14,"column":32}},"11":{"start":{"line":17,"column":19},"end":{"line":22,"column":1}},"12":{"start":{"line":18,"column":2},"end":{"line":21,"column":34}},"13":{"start":{"line":19,"column":17},"end":{"line":19,"column":60}},"14":{"start":{"line":20,"column":4},"end":{"line":20,"column":38}},"15":{"start":{"line":21,"column":20},"end":{"line":21,"column":32}},"16":{"start":{"line":24,"column":19},"end":{"line":29,"column":1}},"17":{"start":{"line":25,"column":2},"end":{"line":28,"column":34}},"18":{"start":{"line":26,"column":17},"end":{"line":26,"column":58}},"19":{"start":{"line":27,"column":4},"end":{"line":27,"column":38}},"20":{"start":{"line":28,"column":20},"end":{"line":28,"column":32}},"21":{"start":{"line":31,"column":0},"end":{"line":31,"column":69}}},"fnMap":{"0":{"name":"(anonymous_0)","decl":{"start":{"line":3,"column":20},"end":{"line":3,"column":21}},"loc":{"start":{"line":3,"column":46},"end":{"line":8,"column":1}},"line":3},"1":{"name":"(anonymous_1)","decl":{"start":{"line":10,"column":19},"end":{"line":10,"column":20}},"loc":{"start":{"line":10,"column":45},"end":{"line":15,"column":1}},"line":10},"2":{"name":"(anonymous_2)","decl":{"start":{"line":17,"column":19},"end":{"line":17,"column":20}},"loc":{"start":{"line":17,"column":45},"end":{"line":22,"column":1}},"line":17},"3":{"name":"(anonymous_3)","decl":{"start":{"line":24,"column":19},"end":{"line":24,"column":20}},"loc":{"start":{"line":24,"column":45},"end":{"line":29,"column":1}},"line":24}},"branchMap":{},"s":{"0":0,"1":0,"2":0,"3":0,"4":0,"5":0,"6":0,"7":0,"8":0,"9":0,"10":0,"11":0,"12":0,"13":0,"14":0,"15":0,"16":0,"17":0,"18":0,"19":0,"20":0,"21":0},"f":{"0":0,"1":0,"2":0,"3":0},"b":{}}
,"/app/src/modules/users/user.model.js": {"path":"/app/src/modules/users/user.model.js","statementMap":{"0":{"start":{"line":1,"column":22},"end":{"line":1,"column":42}},"1":{"start":{"line":2,"column":22},"end":{"line":2,"column":48}},"2":{"start":{"line":4,"column":13},"end":{"line":30,"column":2}},"3":{"start":{"line":32,"column":0},"end":{"line":32,"column":22}}},"fnMap":{},"branchMap":{},"s":{"0":2,"1":2,"2":2,"3":2},"f":{},"b":{},"_coverageSchema":"1a1c01bbd47fc00a2c39e90264f33305004495a9","hash":"c5a6470441146c4cb7f1e948f8ccb885c1c34777"}
,"/app/src/modules/users/user.repository.js": {"path":"/app/src/modules/users/user.repository.js","statementMap":{"0":{"start":{"line":1,"column":13},"end":{"line":1,"column":36}},"1":{"start":{"line":3,"column":22},"end":{"line":5,"column":1}},"2":{"start":{"line":4,"column":2},"end":{"line":4,"column":52}},"3":{"start":{"line":7,"column":17},"end":{"line":9,"column":1}},"4":{"start":{"line":8,"column":2},"end":{"line":8,"column":66}},"5":{"start":{"line":11,"column":19},"end":{"line":13,"column":1}},"6":{"start":{"line":12,"column":2},"end":{"line":12,"column":33}},"7":{"start":{"line":15,"column":16},"end":{"line":17,"column":1}},"8":{"start":{"line":16,"column":2},"end":{"line":16,"column":30}},"9":{"start":{"line":19,"column":19},"end":{"line":22,"column":1}},"10":{"start":{"line":20,"column":2},"end":{"line":20,"column":49}},"11":{"start":{"line":21,"column":2},"end":{"line":21,"column":22}},"12":{"start":{"line":24,"column":19},"end":{"line":26,"column":1}},"13":{"start":{"line":25,"column":2},"end":{"line":25,"column":47}},"14":{"start":{"line":28,"column":0},"end":{"line":28,"column":90}}},"fnMap":{"0":{"name":"(anonymous_0)","decl":{"start":{"line":3,"column":22},"end":{"line":3,"column":23}},"loc":{"start":{"line":3,"column":41},"end":{"line":5,"column":1}},"line":3},"1":{"name":"(anonymous_1)","decl":{"start":{"line":7,"column":17},"end":{"line":7,"column":18}},"loc":{"start":{"line":7,"column":31},"end":{"line":9,"column":1}},"line":7},"2":{"name":"(anonymous_2)","decl":{"start":{"line":11,"column":19},"end":{"line":11,"column":20}},"loc":{"start":{"line":11,"column":35},"end":{"line":13,"column":1}},"line":11},"3":{"name":"(anonymous_3)","decl":{"start":{"line":15,"column":16},"end":{"line":15,"column":17}},"loc":{"start":{"line":15,"column":28},"end":{"line":17,"column":1}},"line":15},"4":{"name":"(anonymous_4)","decl":{"start":{"line":19,"column":19},"end":{"line":19,"column":20}},"loc":{"start":{"line":19,"column":39},"end":{"line":22,"column":1}},"line":19},"5":{"name":"(anonymous_5)","decl":{"start":{"line":24,"column":19},"end":{"line":24,"column":20}},"loc":{"start":{"line":24,"column":33},"end":{"line":26,"column":1}},"line":24}},"branchMap":{},"s":{"0":2,"1":2,"2":0,"3":2,"4":0,"5":2,"6":0,"7":2,"8":0,"9":2,"10":0,"11":0,"12":2,"13":0,"14":2},"f":{"0":0,"1":0,"2":0,"3":0,"4":0,"5":0},"b":{},"_coverageSchema":"1a1c01bbd47fc00a2c39e90264f33305004495a9","hash":"b03427b57c4f3d84b4f22fa013f9f6ff37696b44"}
,"/app/src/modules/users/user.routes.js": {"path":"/app/src/modules/users/user.routes.js","statementMap":{"0":{"start":{"line":1,"column":15},"end":{"line":1,"column":42}},"1":{"start":{"line":2,"column":23},"end":{"line":2,"column":52}},"2":{"start":{"line":3,"column":17},"end":{"line":3,"column":61}},"3":{"start":{"line":4,"column":18},"end":{"line":4,"column":63}},"4":{"start":{"line":5,"column":60},"end":{"line":5,"column":88}},"5":{"start":{"line":7,"column":0},"end":{"line":7,"column":27}},"6":{"start":{"line":8,"column":0},"end":{"line":8,"column":21}},"7":{"start":{"line":28,"column":0},"end":{"line":28,"column":35}},"8":{"start":{"line":44,"column":0},"end":{"line":44,"column":49}},"9":{"start":{"line":76,"column":0},"end":{"line":76,"column":56}},"10":{"start":{"line":98,"column":0},"end":{"line":98,"column":54}},"11":{"start":{"line":100,"column":0},"end":{"line":100,"column":24}}},"fnMap":{},"branchMap":{},"s":{"0":0,"1":0,"2":0,"3":0,"4":0,"5":0,"6":0,"7":0,"8":0,"9":0,"10":0,"11":0},"f":{},"b":{}}
,"/app/src/modules/users/user.service.js": {"path":"/app/src/modules/users/user.service.js","statementMap":{"0":{"start":{"line":1,"column":23},"end":{"line":1,"column":51}},"1":{"start":{"line":3,"column":20},"end":{"line":5,"column":1}},"2":{"start":{"line":4,"column":2},"end":{"line":4,"column":40}},"3":{"start":{"line":7,"column":19},"end":{"line":15,"column":1}},"4":{"start":{"line":8,"column":21},"end":{"line":8,"column":38}},"5":{"start":{"line":9,"column":2},"end":{"line":11,"column":3}},"6":{"start":{"line":10,"column":4},"end":{"line":10,"column":51}},"7":{"start":{"line":12,"column":15},"end":{"line":12,"column":48}},"8":{"start":{"line":13,"column":2},"end":{"line":13,"column":69}},"9":{"start":{"line":13,"column":13},"end":{"line":13,"column":69}},"10":{"start":{"line":14,"column":2},"end":{"line":14,"column":51}},"11":{"start":{"line":17,"column":19},"end":{"line":22,"column":1}},"12":{"start":{"line":18,"column":15},"end":{"line":18,"column":48}},"13":{"start":{"line":19,"column":2},"end":{"line":19,"column":69}},"14":{"start":{"line":19,"column":13},"end":{"line":19,"column":69}},"15":{"start":{"line":20,"column":2},"end":{"line":20,"column":38}},"16":{"start":{"line":21,"column":2},"end":{"line":21,"column":42}},"17":{"start":{"line":24,"column":19},"end":{"line":28,"column":1}},"18":{"start":{"line":25,"column":15},"end":{"line":25,"column":48}},"19":{"start":{"line":26,"column":2},"end":{"line":26,"column":69}},"20":{"start":{"line":26,"column":13},"end":{"line":26,"column":69}},"21":{"start":{"line":27,"column":2},"end":{"line":27,"column":14}},"22":{"start":{"line":30,"column":0},"end":{"line":30,"column":69}}},"fnMap":{"0":{"name":"(anonymous_0)","decl":{"start":{"line":3,"column":20},"end":{"line":3,"column":21}},"loc":{"start":{"line":3,"column":32},"end":{"line":5,"column":1}},"line":3},"1":{"name":"(anonymous_1)","decl":{"start":{"line":7,"column":19},"end":{"line":7,"column":20}},"loc":{"start":{"line":7,"column":39},"end":{"line":15,"column":1}},"line":7},"2":{"name":"(anonymous_2)","decl":{"start":{"line":17,"column":19},"end":{"line":17,"column":20}},"loc":{"start":{"line":17,"column":33},"end":{"line":22,"column":1}},"line":17},"3":{"name":"(anonymous_3)","decl":{"start":{"line":24,"column":19},"end":{"line":24,"column":20}},"loc":{"start":{"line":24,"column":33},"end":{"line":28,"column":1}},"line":24}},"branchMap":{"0":{"loc":{"start":{"line":9,"column":2},"end":{"line":11,"column":3}},"type":"if","locations":[{"start":{"line":9,"column":2},"end":{"line":11,"column":3}},{"start":{},"end":{}}],"line":9},"1":{"loc":{"start":{"line":13,"column":2},"end":{"line":13,"column":69}},"type":"if","locations":[{"start":{"line":13,"column":2},"end":{"line":13,"column":69}},{"start":{},"end":{}}],"line":13},"2":{"loc":{"start":{"line":19,"column":2},"end":{"line":19,"column":69}},"type":"if","locations":[{"start":{"line":19,"column":2},"end":{"line":19,"column":69}},{"start":{},"end":{}}],"line":19},"3":{"loc":{"start":{"line":26,"column":2},"end":{"line":26,"column":69}},"type":"if","locations":[{"start":{"line":26,"column":2},"end":{"line":26,"column":69}},{"start":{},"end":{}}],"line":26}},"s":{"0":1,"1":1,"2":1,"3":1,"4":3,"5":3,"6":1,"7":2,"8":2,"9":1,"10":1,"11":1,"12":2,"13":2,"14":1,"15":1,"16":1,"17":1,"18":2,"19":2,"20":1,"21":1,"22":1},"f":{"0":1,"1":3,"2":2,"3":2},"b":{"0":[1,2],"1":[1,1],"2":[1,1],"3":[1,1]},"_coverageSchema":"1a1c01bbd47fc00a2c39e90264f33305004495a9","hash":"72eb4a5a6293ea3fc59b125dc1730cfd0b19dd82"}
}
